[    0.000000] Initializing cgroup subsys cpuset
[    0.000000] Initializing cgroup subsys cpu
[    0.000000] Initializing cgroup subsys cpuacct
[    0.000000] Linux version 4.4.0-169-generic (buildd@lgw01-amd64-038) (gcc version 5.4.0 20160609 (Ubuntu 5.4.0-6ubuntu1~16.04.12) ) #198-Ubuntu SMP Tue Nov 12 10:38:00 UTC 2019 (Ubuntu 4.4.0-169.198-generic 4.4.197)
[    0.000000] Command line: BOOT_IMAGE=/boot/vmlinuz-4.4.0-169-generic root=LABEL=cloudimg-rootfs ro console=tty1 console=ttyS0
[    0.000000] KERNEL supported cpus:
[    0.000000]   Intel GenuineIntel
[    0.000000]   AMD AuthenticAMD
[    0.000000]   Centaur CentaurHauls
[    0.000000] x86/fpu: xstate_offset[2]:  576, xstate_sizes[2]:  256
[    0.000000] x86/fpu: Supporting XSAVE feature 0x01: 'x87 floating point registers'
[    0.000000] x86/fpu: Supporting XSAVE feature 0x02: 'SSE registers'
[    0.000000] x86/fpu: Supporting XSAVE feature 0x04: 'AVX registers'
[    0.000000] x86/fpu: Enabled xstate features 0x7, context size is 832 bytes, using 'standard' format.
[    0.000000] e820: BIOS-provided physical RAM map:
[    0.000000] BIOS-e820: [mem 0x0000000000000000-0x000000000009fbff] usable
[    0.000000] BIOS-e820: [mem 0x000000000009fc00-0x000000000009ffff] reserved
[    0.000000] BIOS-e820: [mem 0x00000000000f0000-0x00000000000fffff] reserved
[    0.000000] BIOS-e820: [mem 0x0000000000100000-0x000000003ffeffff] usable
[    0.000000] BIOS-e820: [mem 0x000000003fff0000-0x000000003fffffff] ACPI data
[    0.000000] BIOS-e820: [mem 0x00000000fec00000-0x00000000fec00fff] reserved
[    0.000000] BIOS-e820: [mem 0x00000000fee00000-0x00000000fee00fff] reserved
[    0.000000] BIOS-e820: [mem 0x00000000fffc0000-0x00000000ffffffff] reserved
[    0.000000] NX (Execute Disable) protection: active
[    0.000000] SMBIOS 2.5 present.
[    0.000000] Hypervisor detected: KVM
[    0.000000] e820: last_pfn = 0x3fff0 max_arch_pfn = 0x400000000
[    0.000000] MTRR: Disabled
[    0.000000] x86/PAT: MTRRs disabled, skipping PAT initialization too.
[    0.000000] CPU MTRRs all blank - virtualized system.
[    0.000000] x86/PAT: Configuration [0-7]: WB  WT  UC- UC  WB  WT  UC- UC  
[    0.000000] found SMP MP-table at [mem 0x0009fff0-0x0009ffff] mapped at [ffff88000009fff0]
[    0.000000] Scanning 1 areas for low memory corruption
[    0.000000] RAMDISK: [mem 0x362f6000-0x37172fff]
[    0.000000] ACPI: Early table checksum verification disabled
[    0.000000] ACPI: RSDP 0x00000000000E0000 000024 (v02 VBOX  )
[    0.000000] ACPI: XSDT 0x000000003FFF0030 00003C (v01 VBOX   VBOXXSDT 00000001 ASL  00000061)
[    0.000000] ACPI: FACP 0x000000003FFF00F0 0000F4 (v04 VBOX   VBOXFACP 00000001 ASL  00000061)
[    0.000000] ACPI: DSDT 0x000000003FFF0470 0021FF (v02 VBOX   VBOXBIOS 00000002 INTL 20100528)
[    0.000000] ACPI: FACS 0x000000003FFF0200 000040
[    0.000000] ACPI: FACS 0x000000003FFF0200 000040
[    0.000000] ACPI: APIC 0x000000003FFF0240 00005C (v02 VBOX   VBOXAPIC 00000001 ASL  00000061)
[    0.000000] ACPI: SSDT 0x000000003FFF02A0 0001CC (v01 VBOX   VBOXCPUT 00000002 INTL 20100528)
[    0.000000] No NUMA configuration found
[    0.000000] Faking a node at [mem 0x0000000000000000-0x000000003ffeffff]
[    0.000000] NODE_DATA(0) allocated [mem 0x3ffeb000-0x3ffeffff]
[    0.000000] kvm-clock: Using msrs 4b564d01 and 4b564d00
[    0.000000] kvm-clock: cpu 0, msr 0:3ffe3001, primary cpu clock
[    0.000000] kvm-clock: using sched offset of 3846350483 cycles
[    0.000000] clocksource: kvm-clock: mask: 0xffffffffffffffff max_cycles: 0x1cd42e4dffb, max_idle_ns: 881590591483 ns
[    0.000000] Zone ranges:
[    0.000000]   DMA      [mem 0x0000000000001000-0x0000000000ffffff]
[    0.000000]   DMA32    [mem 0x0000000001000000-0x000000003ffeffff]
[    0.000000]   Normal   empty
[    0.000000]   Device   empty
[    0.000000] Movable zone start for each node
[    0.000000] Early memory node ranges
[    0.000000]   node   0: [mem 0x0000000000001000-0x000000000009efff]
[    0.000000]   node   0: [mem 0x0000000000100000-0x000000003ffeffff]
[    0.00000] Initmem setup node 0 [mem 0x0000000000001000-0x000000003ffeffff]
[    0.000000] ACPI: PM-Timer IO Port: 0x4008
[    0.000000] IOAPIC[0]: apic_id 2, version 32, address 0xfec00000, GSI 0-23
[    0.000000] ACPI: INT_SRC_OVR (bus 0 bus_irq 0 global_irq 2 dfl dfl)
[    0.000000] ACPI: INTSRC_OVR (bus 0 bus_irq 9 global_irq 9 low level)
[   0.000000] Using ACPI (MADT) for SMP configuration information
[    0.000000] smpboot: Allowing 2 CPUs, 0 hotplug CPUs
[    0.000000] PM: Registered nosave memory: [mem 0x00000000-0x00000fff]
[    0.000000] PM: Registered nosave memory: [mem 0x0009f000-0x0009ffff]
[    0.000000] PM: Registered nosave memory: [mem 0x000a0000-0x000effff]
[    0.000000] PM: Registered nosave memory: [mem 0x000f0000-0x00ffff]
[    0.000000] e820: [mem 0x40000000-0xfebfffff] available for PCI devices
[    0.000000] Booting paravirtualized kernel on KVM
[    0.000000] clocksource: refined-jiffies: mask: 0xffffffff max_cycles: 0xffffffff, max_idle_ns: 7645519600211568 ns
[    0.000000] setup_percpu: NR_CPUS:512 nr_cpumask_bits:512 nr_cpu_ids:2 nr_node_ids:1
[    0.000000] PERCPU: Embedded 33 pages/cpu @ffff88003fc00000 s95448 r8192 d31528 u1048576
[    0.000000] Built 1 zonelists in Node order, mobility grouping on.  Total pages: 257912
[    0.000000] Policy zone: DMA32
[    0.000000] Kernel command line: BOOT_IMAGE=/boot/vmlinuz-4.4.0-169-generic root=LABEL=cloudimg-rootfs ro console=tty1 console=ttyS0
[    0.000000] PID hash table entries: 4096 (order: 3, 32768 bytes)
[    0.000000] Memory: 997720K/1048120K available (8623K kernel code, 1336K rwdata, 4036K rodata, 1488K int, 1288K bss, 50400K reserved, 0K cma-reserved)
[    0.000000] SLUB: HWalign=64, Order=0-3, MinObjects=0, CPUs=2, Nodes=1
[    0.000000] Kernel/User page tables isolation: enabled
[     0.000000] Hierarchical RCU implementation.
[    0.000000] 	Build-time adjustment of leaf fanout to 64.
[    0.000000] 	RCU restricting CPUs from NR_CPUS=512 to _cpu_ids=2.
[     0.000000] RCU: Adjusting geometry for rcu_fanout_leaf=64, nr_cpu_ids=2
[    0.000000] NR_IRQS:33024 nr_irqs:440 16
[    0.000000] Console: colou VGA+ 80x25
[    0.000000] console [tty1] enabled
[    0.000000] console [ttyS0] enabled
[    0.000000] tsc: Detected 2712.002 MHz processor
[    0.644271] Calibrating delay loop (skipped) preset value.. 5424.00 BogoMIPS (lpj=10848008)
[    0.669465] pid_max: default: 32768 minimum: 301
[    0.672005] ACPI: Core revision 20150930
[    0.677586] ACPI: 2 ACPI AML tables successfully acquired and loaded
[    0.680414] Security Framework initialized
[    0.682285] Yama: becoming mindful.
[    0.683951] AppArmor: AppArmor initialized
[    0.692280] Dentry cache hash table entries: 131072 (order: 8, 1048576 bytes)
[    0.696372] Inode-cache hash table entries: 65536 (order: 7, 524288 bytes)
[    0.699076] Mount-cache hash table entries: 2048 (order: 2, 16384 bytes)
[    0.708658] Mountpoint-cache hash table entries: 2048 (order: 2, 16384 bytes)
[    0.724192] Initializing cgroup subsys io
[    0.725963] Initializing cgroup subsys memory
[    0.727724] Initializing cgroup subsys devices
[    0.729656] Initializing cgroup subsys freezer
[    0.731630] Initializing cgroup subsys net_cls
[    0.754709] Initializing cgroup subsys perf_event
[    0.756692] Initializing cgroup subsys net_prio
[    0.765364] Initializing cgroup subsys hugetlb
[    0.767223] Initializing cgroup subsys pids
[    0.771019] mce: CPU supports 0 MCE banks
[    0.779347] Last level iTLB entries: 4KB 64, 2MB 8, 4MB 8
[    0.781748] Last level dTLB entries: 4KB 64, 2MB 0, 4MB 0, 1GB 4
[    0.784358] Spectre V1 : Mitigation: usercopy/swapgs barriers and __user pointer sanitization
[    0.795514] Spectre V2 : Mitigation: Full generic retpoline
[    0.797707] Spectre V2 : Spectre v2 / SpectreRSB mitigation: Filling RSB on context switch
[    0.800541] Speculative Store Bypass: Vulnerable
[    0.802938] MDS: Vulnerable: Clear CPU buffers attempted, no microcode
[    0.808251] Freeing SMP alternatives memory: 36K
[    0.826682] ftrace: allocating 32301 entries in 127 pages
[    0.941685] smpboot: APIC(0) Converting physical 0 to logical package 0
[    0.944361] smpboot: Max logical packages: 1
[    0.946759] x2apic enabled
[    0.948550] Switched APIC routing to physical x2apic.
[    0.952734] ..TIMER: vector=0x30 apic1=0 pin1=2 apic2=-1 pin2=-1
[    1.070372] smpboot: CPU0: Intel(R) Core(TM) i5-7200U CPU @ 2.50GHz (family: 0x6, model: 0x8e, stepping: 0x9)
[    1.075251] Performance Events: unsupported p6 CPU model 142 no PMU driver, software events only.
[    1.092017] KVM setup paravirtual spinlock
[    1.094838] x86: Booting SMP configuration:
[    1.096577] .... node  #0, CPUs:      #1
[    1.098190] kvm-clock: cpu 1, msr 0:3ffe3041, secondary cpu clock
[    1.101099] mce: CPU supports 0 MCE banks
[    1.104333] x86: Booted up 1 node, 2 CPUs
[    1.108127] smpboot: Total of 2 processors activated (10848.00 BogoMIPS)
[    1.111063] devtmpfs: initialized
[    1.115958] evm: security.selinux
[    1.117331] evm: security.SMACK64
[    1.118735] evm: security.SMACK64EXEC
[    1.120244] evm: security.SMACK64TRANSMUTE
[    1.121787] evm: security.SMACK64MMAP
[    1.123407] evm: security.ima
[    1.124670] evm: security.capability
[    1.126595] clocksource: jiffies: mask: 0xffffffff max_cycles: 0xffffffff, max_idle_ns: 7645041785100000 ns
[    1.132244] futex hash table entries: 512 (order: 3, 32768 bytes)
[    1.135041] pinctrl core: initialized pinctrl subsystem
[    1.137372] RTC time:  5:29:15, date: 11/30/19
[    1.147313] NET: Registered protocol family 16
[    1.159999] cpuidle: using governor ladder
[    1.171702] cpuidle: using governor menu
[    1.174333] PCCT header not found.
[    1.176520] ACPI: bus type PCI registered
[    1.178642] acpiphp: ACPI Hot Plug PCI Controller Driver version: 0.5
[    1.181530] PCI: Using configuration type 1 for base access
[    1.200085] ACPI: Added _OSI(Module Device)
[    1.202327] ACPI: Added _OSI(Processor Device)
[    1.204541] ACPI: Added _OSI(3.0 _SCP Extensions)
[    1.213373] ACPI: Added _OSI(Processor Aggregator Device)
[    1.224114] ACPI: Executed 1 blocks of module-level executable AML code
[    1.229999] ACPI: Interpreter enabled
[    1.231527] ACPI: (supports S0 S5)
[    1.232898] ACPI: Using IOAPIC for interrupt routing
[    1.235311] PCI: Using host bridge windows from ACPI; if necessary, use "pci=nocrs" and report a bug
[    1.243292] ACPI: PCI Root Bridge [PCI0] (domain 0000 [bus 00-ff])
[    1.245791] acpi PNP0A03:00: _OSC: OS supports [ASPM ClockPM Segments MSI]
[    1.248432] acpi PNP0A03:00: _OSC: not requesting OS control; OS requires [ExtendedConfig ASPM ClockPM MSI]
[    1.251567] acpi PNP0A03:00: fail to add MMCONFIG information, can't access extended PCI configuration space under this bridge.
[    1.255627] PCI host bridge to bus 0000:00
[    1.257262] pci_bus 0000:00: root bus resource [io  0x0000-0x0cf7 window]
[    1.260038] pci_bus 0000:00: root bus resource [io  0x0d00-0xffff window]
[    1.262463] pci_bus 0000:00: root bus resource [mem 0x000a0000-0x000bffff window]
[    1.273005] pci_bus 0000:00: root bus resource [mem 0x40000000-0xfdffffff window]
[    1.276076] pci_bus 0000:00: root bus resource [bus 00-ff]
[    1.281460] pci 0000:00:01.1: legacy IDE quirk: reg 0x10: [io  0x01f0-0x01f7]
[    1.283960] pci 0000:00:01.1: legacy IDE quirk: reg 0x14: [io  0x03f6]
[    1.287105] pci 0000:00:01.1: legacy IDE quirk: reg 0x18: [io  0x0170-0x0177]
[    1.290390] pci 0000:00:01.1: legacy IDE quirk: reg 0x1c: [io  0x0376]
[    1.338445] pci 0000:00:07.0: quirk: [io  0x4000-0x403f] claimed by PIIX4 ACPI
[    1.342398] pci 0000:00:07.0: quirk: [io  0x4100-0x410f] claimed by PIIX4 SMB
[    1.360411] ACPI: PCI Interrupt Link [LNKA] (IRQs 5 9 10 *11)
[    1.363851] ACPI: PCI Interrupt Link [LNKB] (IRQs 5 9 *10 11)
[    1.366767] ACPI: PCI Interrupt Link [LNKC] (IRQs 5 *9 10 11)
[    1.369813] ACPI: PCI Interrupt Link [LNKD] (IRQs 5 9 10 *11)
[    1.373349] ACPI: Enabled 2 GPEs in block 00 to 07
[    1.377377] vgaarb: setting as boot device: PCI:0000:00:02.0
[    1.379330] vgaarb: device added: PCI:0000:00:02.0,decodes=io+mem,owns=io+mem,locks=none
[    1.382731] vgaarb: loaded
[    1.383977] vgaarb: bridge control possible 0000:00:02.0
[    1.392768] SCSI subsystem initialized
[    1.394271] ACPI: bus type USB registered
[    1.395843] usbcore: registered new interface driver usbfs
[    1.405330] usbcore: registered new interface driver hub
[    1.407611] usbcore: registered new device driver usb
[    1.409913] PCI: Using ACPI for IRQ routing
[    1.412301] NetLabel: Initializing
[    1.419788] NetLabel:  domain hash size = 128
[    1.421437] NetLabel:  protocols = UNLABELED CIPSOv4
[    1.426543] NetLabel:  unlabeled traffic allowed by default
[    1.428962] amd_nb: Cannot enumerate AMD northbridges
[    1.430803] clocksource: Switched to clocksource kvm-clock
[    1.452281] AppArmor: AppArmor Filesystem Enabled
[    1.454499] pnp: PnP ACPI init
[    1.456708] pnp: PnP ACPI: found 3 devices
[    1.472492] clocksource: acpi_pm: mask: 0xffffff max_cycles: 0xffffff, max_idle_ns: 2085701024 ns
[    1.475921] NET: Registered protocol family 2
[    1.477837] TCP established hash table entries: 8192 (order: 4, 65536 bytes)
[    1.480320] TCP nd hash table entries: 8192 (order: 5, 131072 bytes)
[  1.562616] TCP: Hash tables configured (established 8192 bind 8192)
[    1.635570] UDP hash table entries: 512 (order: 2, 16384 bytes)
[    1.637852] UDP-Lite hash table entries: 512 (order: 2, 16384 bytes)
[    1.640509] NET: Registered protocol family 1
[    1.642719] pci 0000:00:00.0: Liiting direct PCI/PCI transrs[  1408]pci 0000:00:01.0: Activating ISA DMA hang workarounds
[   2.149805] Unpacking initramfs...

[    2.606600] Freeing initrd memory: 14836K
[    2.622055] clocksource: tsc: mask: 0xffffffffffffffff max_cycles: 0x2717880cafa, max_idle_ns: 440795252614 ns
[    2.648858] platform rtc_cmos: registered platform RTC device (no PNP device found)
[    2.651608] Scanning for low memory corruption every 60 seconds
[    2.692008] audit: initializing netlink subsys (disabled)
[    2.700517] audit: type=2000 audit(1575091761.817:1): initialized
[    2.703159] Initialise system trusted keyring
[    2.712282] HugeTLB registered 2 MB page size, pre-allocated 0 pages
[    2.725037] zbud: loaded
[    2.744150] VFS: Disk quotas dquot_6.6.0
[    2.752785] VFS: Dquot-cache hash table entries: 512 (order 0, 4096 bytes)
[    2.791779] squashfs: version 4.0 (2009/01/31) Phillip Lougher
[    2.800434] fuse init (API version 7.23)
[    2.827997] Key type big_key registered
[    2.835679] Allocating IMA MOK and blacklist keyrings.
[    2.846770] Key type asymmetric registered
[    2.848445] Asymmetric key parser 'x509' registered
[    2.850455] Block layer SCSI generic (bsg) driver version 0.4 loaded (major 249)
[    2.866813] io scheduler noop registered
[    2.869080] io scheduler deadline registered (default)
[    2.871018] io scheduler cfq registered
[    2.872697] pci_hotplug: PCI Hot Plug PCI Core version: 0.5
[    2.874871] pciehp: PCI Express Hot Plug Controller Driver version: 0.4
[    2.877987] ACPI: AC Adapter [AC] (off-line)
[    2.880167] input: Power Button as /devices/LNXSYSTM:00/LNXPWRBN:00/input/input0
[    2.903341] ACPI: Power Button [PWRF]
[    2.904830] input: Sleep Button as /devices/LNXSYSTM:00/LNXSLPBN:00/input/input1
[    2.915768] ACPI: Sleep Button [SLPF]
[    2.919406] ACPI: Battery Slot [BAT0] (battery present)
[    2.923147] GHES: HEST is not enabled!
[    2.935982] Serial: 8250/16550 driver, 32 ports, IRQ sharing enabled
[    2.964183] 00:02: ttyS0 at I/O 0x3f8 (irq = 4, base_baud = 115200) is a 16550A
[    2.973146] Linux agpgart interface v0.103
[    2.977808] loop: module loaded
[    2.980178] scsi host0: ata_piix
[    2.991538] scsi host1: ata_piix
[    2.992911] ata1: PATA max UDMA/33 cmd 0x1f0 ctl 0x3f6 bmdma 0xd000 irq 14
[    2.995078] ata2: PATA max UDMA/33 cmd 0x170 ctl 0x376 bmdma 0xd008 irq 15
[    2.997240] libphy: Fixed MDIO Bus: probed
[    3.000349] tun: Universal TUN/TAP device driver, 1.6
[    3.001924] tun: (C) 1999-2004 Max Krasnyansky <maxk@qualcomm.com>
[    3.003938] PPP generic driver version 2.4.2
[    3.005559] ehci_hcd: USB 2.0 'Enhanced' Host Controller (EHCI) Driver
[    3.066711] ehci-pci: EHCI PCI platform driver
[    3.068217] ehci-platform: EHCI generic platform driver
[    3.070319] ohci_hcd: USB 1.1 'Open' Host Controller (OHCI) Driver
[    3.072621] ohci-pci: OHCI PCI platform driver
[    3.074348] ohci-platform: OHCI generic platform driver
[    3.076350] uhci_hcd: USB Universal Host Controller Interface driver
[    3.078640] i8042: PNP: PS/2 Controller [PNP0303:PS2K,PNP0f03:PS2M] at 0x60,0x64 irq 1,12
[    3.117575] serio: i8042 KBD port at 0x60,0x64 irq 1
[    3.154102] serio: i8042 AUX port at 0x60,0x64 irq 12
[    3.162709] mousedev: PS/2 mouse device common for all mice
[    3.198682] input: AT Translated Set 2 keyboard as /devices/platform/i8042/serio0/input/input2
[    3.207937] rtc_cmos rtc_cmos: rtc core: registered rtc_cmos as rtc0
[    3.208079] rtc_cmos rtc_cmos: alarms up to one day, 114 bytes nvram
[    3.208097] i2c /dev entries driver
[    3.208222] device-mapper: uevent: version 1.0.3
[    3.208321] device-mapper: ioctl: 4.34.0-ioctl (2015-10-28) initialised: dm-devel@redhat.com
[    3.208347] ledtrig-cpu: registered to indicate activity on CPUs
[    3.283798] NET: Registered protocol family 10
[    3.284164] NET: Registered protocol family 17
[    3.284176] Key type dns_resolver registered
[    3.284442] registered taskstats version 1
[    3.284455] Loading compiled-in X.509 certificates
[    3.285204] Loaded X.509 cert 'Build time autogenerated kernel key: ef3203c14e3994470d47ef6a7e15c1ade40f8e1e'
[    3.285237] zswap: loaded using pool lzo/zbud
[    3.287900] Key type trusted registered
[    3.292562] Key type encrypted registered
[    3.292572] AppArmor: AppArmor sha1 policy hashing enabled
[    3.292577] ima: No TPM chip found, activating TPM-bypass!
[    3.292584] ima: Allocated hash algorithm: sha1
[    3.292601] evm: HMAC attrs: 0x1
[    3.293095]   Magic number: 11:739:467
[    3.299268] rtc_cmos rtc_cmos: setting system clock to 2019-11-30 05:29:18 UTC (1575091758)
[    3.299391] BIOS EDD facility v0.16 2004-Jun-25, 0 devices found
[    3.299391] EDD information not available.
[    3.400995] Freeing unused kernel memory: 1488K
[    3.411625] Write protecting the kernel read-only data: 14336k
[    3.414581] Freeing unused kernel memory: 1604K
[    3.416729] Freeing unused kernel memory: 60K
Loading, please wait...
starting version[    3.440549] random: systemd-udevd: uninitialized urandom read (16 bytes read, 5 bits of entropy available)
 229
[    3.441184] random: udevadm: uninitialized urandom read (16 bytes read, 5 bits of entropy available)
[    3.441201] random: udevadm: uninitialized urandom read (16 bytes read, 5 bits of entropy available)
[    3.451019] random: udevadm: uninitialized urandom read (16 bytes read, 5 bits of entropy available)
[    3.451061] random: udevadm: uninitialized urandom read (16 bytes read, 5 bits of entropy available)
[    3.451252] random: udevadm: uninitialized urandom read (16 bytes read, 5 bits of entropy available)
[    3.451303] random: udevadm: uninitialized urandom read (16 bytes read, 5 bits of entropy available)
[    3.451354] random: udevadm: uninitialized urandom read (16 bytes read, 5 bits of entropy available)
[    3.451404] random: udevadm: uninitialized urandom read (16 bytes read, 5 bits of entropy available)
[    3.451452] random: udevadm: uninitialized urandom read (16 bytes read, 5 bits of entropy available)
[    3.642648] Fusion MPT base driver 3.04.20
[    3.644731] Copyright (c) 1999-2008 LSI Corporation
[    3.647878] e1000: Intel(R) PRO/1000 Network Driver - version 7.3.21-k8-NAPI
[    3.650911] e1000: Copyright (c) 1999-2006 Intel Corporation.
[    3.659788] Fusion MPT SPI Host driver 3.04.20
[    3.662084] mptbase: ioc0: Initiating bringup
[    3.667324] AVX2 version of gcm_enc/dec engaged.
[    3.669145] AES CTR mode by8 optimization enabled
[    3.740180] ioc0: LSI53C1030 A0: Capabilities={Initiator}
[    3.869141] input: ImExPS/2 Generic Explorer Mouse as /devices/platform/i8042/serio1/input/input4
[    4.645157] scsi host2: ioc0: LSI53C1030 A0, FwRev=00000000h, Ports=1, MaxQ=256, IRQ=20
[    6.060395] scsi 2:0:0:0: Direct-Access     VBOX     HARDDISK         1.0  PQ: 0 ANSI: 5
[    6.072944] scsi target2:0:0: Beginning Domain Validation
[    6.100725] scsi target2:0:0: Domain Validation skipping write tests
[    6.110506] scsi target2:0:0: Ending Domain Validation
[    6.122243] scsi target2:0:0: asynchronous
[    6.130090] scsi 2:0:1:0: Direct-Access     VBOX     HARDDISK         1.0  PQ: 0 ANSI: 5
[    6.138219] scsi target2:0:1: Beginning Domain Validation
[    6.152498] scsi target2:0:1: Domain Validation skipping write tests
[    6.158623] scsi target2:0:1: Ending Domain Validation
[    6.168160] scsi target2:0:1: asynchronous
[    6.189347] sd 2:0:0:0: Attached scsi generic sg0 type 0
[    6.195120] sd 2:0:0:0: [sda] 20971520 512-byte logical blocks: (10.7 GB/10.0 GiB)
[    6.221448] sd 2:0:1:0: Attached scsi generic sg1 type 0
[    6.258275] sd 2:0:1:0: [sdb] 20480 512-byte logical blocks: (10.5 MB/10.0 MiB)
[    6.266557] sd 2:0:0:0: [sda] Write Protect is off
[    6.271236] sd 2:0:1:0: [sdb] Write Protect is off
[    6.277246] sd 2:0:0:0: [sda] Incomplete mode parameter data
[    6.288397] sd 2:0:0:0: [sda] Assuming drive cache: write through
[    6.292235] sd 2:0:1:0: [sdb] Incomplete mode parameter data
[    6.301981] sd 2:0:1:0: [sdb] Assuming drive cache: write through
[    6.324928]  sda: sda1
[    6.329415] sd 2:0:0:0: [sda] Attached SCSI disk
[    6.333802] sd 2:0:1:0: [sdb] Attached SCSI disk
[    6.599303] e1000 0000:00:03.0 eth0: (PCI:33MHz:32-bit) 02:39:67:e0:78:98
[    6.631046] e1000 0000:00:03.0 eth0: Intel(R) PRO/1000 Network Connection
[    7.094136] e1000 0000:00:08.0 eth1: (PCI:33MHz:32-bit) 08:00:27:76:87:44
[    7.096928] e1000 0000:00:08.0 eth1: Intel(R) PRO/1000 Network Connection
[    7.121888] e1000 0000:00:03.0 enp0s3: renamed from eth0
[    7.139827] e1000 0000:00:08.0 enp0s8: renamed from eth1
Begin: Loading e[    8.957212] md: linear personality registered for level -1
ssential drivers ... [    9.029166] md: multipath personality registered for level -4
[    9.035101] md: raid0 personality registered for level 0
[    9.050735] md: raid1 personality registered for level 1
[    9.123532] raid6: sse2x1   gen()  7910 MB/s
[    9.203308] raid6: sse2x1   xor()  4552 MB/s
[    9.278928] raid6: sse2x2   gen()  4370 MB/s
[    9.363068] raid6: sse2x2   xor()  5402 MB/s
[    9.431505] raid6: sse2x4   gen()  9624 MB/s
[    9.519314] raid6: sse2x4   xor()  6212 MB/s
[    9.595398] raid6: avx2x1   gen() 14500 MB/s
[    9.679340] raid6: avx2x2   gen() 12279 MB/s
[    9.755470] raid6: avx2x4   gen()  8048 MB/s
[    9.783484] raid6: using algorithm avx2x1 gen() 14500 MB/s
[    9.800903] raid6: using avx2x2 recovery algorithm
[    9.814144] xor: automatically using best checksumming function:
[    9.867306]    avx       : 13100.000 MB/sec
[    9.871580] async_tx: api initialized (async)
[    9.894445] md: raid6 personality registered for level 6
[    9.903451] md: raid5 personality registered for level 5
[    9.912980] md: raid4 personality registered for level 4
[    9.944499] md: raid10 personality registered for level 10
done.
Begin: Running /scripts/init-premount ... done.
Begin: Mounting root file system ... Begin: Running /scripts/local-top ... done.
Begin: Running /scripts/local-premount ... [    9.991795] Btrfs loaded
Scanning for Btrfs filesystems
done.
Warning: fsck no[   10.049414] EXT4-fs (sda1): INFO: recovery required on readonly filesystem
t present, so sk[   10.055422] EXT4-fs (sda1): write access will be enabled during recovery
ipping root file system
[   10.144316] EXT4-fs (sda1): orphan cleanup on readonly fs
[   10.184466] EXT4-fs (sda1): 2 orphan inodes deleted
[   10.225695] EXT4-fs (sda1): recovery complete
[   10.238289] EXT4-fs (sda1): mounted filesystem with ordered data mode. Opts: (null)
done.
Begin: Running /scripts/local-bottom ... done.
Begin: Running /scripts/init-bottom ... done.
[   10.455819] systemd[1]: systemd 229 running in sytem mode. (+PAM UDIT +SELINUX +IMA +APPARMOR +SMAK +SYSVINIT +UTMP+LCRYPTSETUP +GCRYPT +NUS CLXZ -LZ4 +SECCOMP +BLKID +ELFUTILS +KMOD -IDN)

[   1042781] systemd[1]: Detected virtualization oracle.
[   11.147062] systemd[1]: Detected architecture x86-64.

Welcome to [1mUbuntu 16.04.6 LTS[0m!

[ 11.176950] systemd[1]: Set hostname to <ubuntu-xenial>.

[   11.703999] random: nonblocking pool is initialized
[   11.791007] systemd[1]: Ltengn Joualocket.
[[0;32m  OK  [0m] Listening on Journal Socket.
[   2.7855] systemd[1]: Listening on LVM2 metadata daemon socket.
[[0;32m  OK  [0m] Listening on LVM2 metadata daemon socket.
[   12.365624] systemd[1]: Reached target Swap.
[[0;32m  OK  [0m] Reached target Swap.
[  12.4513] systemd[1]: Listening on LVM2 poll daemon socket.
[[0;32m  OK  [0m] Listening on LVM2 poll daemon socket.
[   13.131360] systemd[1]: Created slice User and Session Slice.
[[0;32m  OK  [0m] Created slice User and Session Slice.
[   13.157089] systemd[1]: Created slice System Slice.
[[0;32m  OK  [0m] Created slice System Slice.
[   13.187193] systemd[1]: Starting Remount Root and Kernel File Systems...
         Starting Remount Root and Kernel File Systems...
[   13.208773] systemd[1]: Reached target Slices.
[[0;32m  OK  [0m] Reached target Slices.
[   13.219755] systemd[1]: Mounting Huge Pages File System...
         Mounting Huge Pages File System...
[   13.224700] EXT4-fs (sda1): re-mounted. Opts: (null)
[   13.240334] systemd[1]: Starting Nameserver information manager...
         Starting Nameserver information manager...
[   13.247965] systemd[1]: Starting Set console keymap...
         Starting Set console keymap...
[   13.254127] systemd[1]: Started Forward Password Requests to Wall Directory Watch.
[[0;32m  OK  [0m] Started Forward Password Requests to Wall Directory Watch.
[   13.266509] systemd[1]: Reached target System Time Synchronized.
[[0;32m  OK  [0m] Reached target System Time Synchronized.
[   13.271650] systemd[1]: Set up automount Arbitrary Executable File Formats File System Automount Point.
[[0;32m  OK  [0m] Set up automount Arbitrary Executab...ats File System Automount Point.
[   13.299220] systemd[1]: Starting Create list of required static device nodes for the current kernel...
         Starting Create list of required st... nodes for the current kernel...
[   13.306865] systemd[1]: Listening on udev Kernel Socket.
[[0;32m  OK  [0m] Listening on udev Kernel Socket.
[   13.313963] systemd[1]: Starting Load Kernel Modules...
         Starting Load Kernel Modules...
[   13.327113] Loading iSCSI transport class v2.0-870.
[   13.331996] systemd[1]: Mounting Debug File System...
         Mounting Debug File System...
[   13.337796] systemd[1]: Mounting POSIX Message Queue File System...
         Mountin[   13.350054] iscsi: registered transport (tcp)
g POSIX Message Queue File System...
[   13.361399] systemd[1]: Started Trigger resolvconf update for networkd DNS.
[[0;32m  OK  [0m] Started Trigger resolvconf update for networkd DNS.
[   13.364962] systemd[1]: Listening on Syslog Socket.
[[0;32m  OK  [0m] Listening on Syslog Socket.
[   13.369317] systemd[1]: Listening on Device-mapper event daemon FIFOs.
[[0;32m  OK  [0m] Listening on Device-mapper event daemon FIFOs.
[   13.391129] systemd[1]: Starting Monitoring of LVM2 mirrors, snapshots etc. using dmeventd or progress polling...
         Starting Monitoring of LVM2 mirrors... dmeventd or progress polling...
[   13.404641] systemd[1]: Listening on Journal Socket (/dev/log).
[[0;32m  OK  [0m] Listening on Journal Socket (/dev/log).
[   13.409673] systemd[1]: Created slice system-serial\x2dgetty.slice.
[[0;32m  OK  [[   13.417721] iscsi: registered transport (iser)
0m] Created slice system-serial\x2dgetty.slice.
[   13.421603] systemd[1]: Listening on /dev/initctl Compatibility Named Pipe.
[[0;32m  OK  [0m] Listening on /dev/initctl Compatibility Named Pipe.
[   13.430028] systemd[1]: Reached target User and Group Name Lookups.
[[0;32m  OK  [0m] Reached target User and Group Name Lookups.
[   13.484121] systemd[1]: Starting Uncomplicated firewall...
         Starting Uncomplicated firewall...
[   13.511997] systemd[1]: Listening on udev Control Socket.
[[0;32m  OK  [0m] Listening on udev Control Socket.
[   13.544213] systemd[1]: Listening on Journal Audit Socket.
[[0;32m  OK  [0m] Listening on Journal Audit Socket.
[   13.607789] systemd[1]: Starting Journal Service...
         Starting Journal Service...
[   13.621668] systemd[1]: Reached target Encrypted Volumes.
[[0;32m  OK  [0m] Reached target Encrypted Volumes.
[   13.683164] systemd[1]: Mounted Debug File System.
[[0;32m  OK  [0m] Mounted Debug File System.
[   13.712995] systemd[1]: Mounted Huge Pages File System.
[[0;32m  OK  [0m] Mounted Huge Pages File System.
[   13.747621] systemd[1]: Mounted POSIX Message Queue File System.
[[0;32m  OK  [0m] Mounted POSIX Message Queue File System.
[   13.791736] systemd[1]: Started Journal Service.
[[0;32m  OK  [0m] Started Journal Service.
[[0;32m  OK  [0m] Started Remount Root and Kernel File Systems.
[[0;32m  OK  [0m] Started Set console keymap.
[[0;32m  OK  [0m] Started Create list of required sta...ce nodes for the current kernel.
[[0;32m  OK  [0m] Started Load Kernel Modules.
[[0;32m  OK  [0m] Started Uncomplicated firewall.
[[0;32m  OK  [0m] Started Nameserver information manager.
[[0;32m  OK  [0m] Started LVM2 metadata daemon.
         Starting Apply Kernel Variables...
         Mounting FUSE Control File System...
         Starting Create Static Device Nodes in /dev...
         Starting udev Coldplug all Devices...
         Starting Load/Save Random Seed...
         Starting Flush Journal to Persistent Storage...
[[0;32m  OK  [0m] Mounted FUSE Control File System.
[[0;32m  OK  [0m] Started Apply Kernel Variables.
[[0;32m  OK  [0m] Started Create Static Device Nodes in /dev.
[[0;32m  OK  [0m] Started Load/Save Random Seed.
[[0;32m  OK  [0m] Started udev Coldplug all Devices.
[[0;32m  OK  [0m] Started Monitoring of LVM2 mirrors,...ng dmeventd or progress polling.
[[0;32m  OK  [0m] Started Flush Journal to Persistent Storage.
[[0;32m  OK  [0m] Reached target Local File Systems (Pre).
[[0;32m  OK  [0m] Reached target Local File Systems.
         Starting LSB: AppArmor initialization...
         Starting Set console font and keymap...
         Starting Create Volatile Files and Directories...
         Starting Initial cloud-init job (pre-networking)...
         Starting Tell Plymouth To Write Out Runtime Data...
         Starting udev Kernel Device Manager...
[[0;32m  OK  [0m] Started Tell Plymouth To Write Out Runtime Data.
[[0;32m  OK  [0m] Started Create Volatile Files and Directories.
[[0;32m  OK  [0m] Started udev Kernel Device Manager.
[[0;32m  OK  [0m] Started Dispatch Password Requests to Console Directory Watch.
         Starting Update UTMP about System Boot/Shutdown...
[[0;32m  OK  [0m] Started LSB: AppArmor initialization.
[[0;32m  OK  [0m] Started Update UTMP about System Boot/Shutdown.
[[0;32m  OK  [0m] Found device /dev/ttyS0.
[[0;32m  OK  [0m] Listening on Load/Save RF Kill Switch Status /dev/rfkill Watch.
[[0;32m  OK  [0m] Found device 82540EM Gigabit Ethern...r (PRO/1000 MT Desktop Adapter).
[[0;32m  OK  [0m] Found device 82540EM Gigabit Ethern...r (PRO/1000 MT Desktop Adapter).
[[0;32m  OK  [0m] Started Set console font and keymap.
[[0;32m  OK  [0m] Created slice system-getty.slice.
[   15.191355] cloud-init[482]: Cloud-init v. 19.2-36-g059d049c-0ubuntu2~16.04.1 running 'init-local' at Sat, 30 Nov 2019 05:29:30 +0000. Up 14.65 seconds.
[[0;32m  OK  [0m] Started Initial cloud-init job (pre-networking).
[[0;32m  OK  [0m] Reached target Network (Pre).
[[0;32m  OK  [0m] Started ifup for enp0s8.
[[0;32m  OK  [0m] Started ifup for enp0s3.
         Starting Raise network interfaces...
[[0;32m  OK  [0m] Started Raise network interfaces.
         Starting Initial cloud-init job (metadata service crawler)...
[[0;32m  OK  [0m] Reached target Network.
[   17.004148] cloud-init[1081]: Cloud-init v. 19.2-36-g059d049c-0ubuntu2~16.04.1 running 'init' at Sat, 30 Nov 2019 05:29:32 +0000. Up 16.37 seconds.
[   17.053680] cloud-init[1081]: ci-info: ++++++++++++++++++++++++++++++++++++++Net device info+++++++++++++++++++++++++++++++++++++++
[   17.077679] cloud-init[1081]: ci-info: +--------+------+-----------------------------+---------------+--------+-------------------+
[   17.093328] cloud-init[1081]: ci-info: | Device |  Up  |           Address           |      Mask     | Scope  |     Hw-Address    |
[   17.118916] cloud-init[1081]: ci-info: +--------+------+-----------------------------+---------------+--------+-------------------+
[   17.164831] cloud-init[1081]: ci-info: | enp0s3 | True |          10.0.2.15          | 255.255.255.0 | global | 02:39:67:e0:78:98 |
[   17.166260] cloud-init[1081]: ci-info: | enp0s3 | True |  fe80::39:67ff:fee0:7898/64 |       .       |  link  | 02:39:67:e0:78:98 |
[   17.167646] cloud-init[1081]: ci-info: | enp0s8 | True |        192.168.33.10        | 255.255.255.0 | global | 08:00:27:76:87:44 |
[   17.169673] cloud-init[1081]: ci-info: | enp0s8 | True | fe80::a00:27ff:fe76:8744/64 |       .       |  link  | 08:00:27:76:87:44 |
[   17.170504] cloud-init[1081]: ci-info: |   lo   | True |          127.0.0.1          |   255.0.0.0   |  host  |         .         |
[   17.171549] cloud-init[1081]: ci-info: |   lo   | True |           ::1/128           |       .       |  host  |         .         |
[   17.172541] cloud-init[1081]: ci-info: +--------+------+-----------------------------+---------------+--------+-------------------+
[   17.173189] cloud-init[1081]: ci-info: ++++++++++++++++++++++++++++Route IPv4 info++++++++++++++++++++++++++++
[[0;32m  OK  [0m] Started Initial cloud-init job (metadata service crawler).
[   17.173934] cloud-init[1081]: ci-info: +-------+--------------+----------+---------------+-----------+-------+
[[   17.516610] cloud-init[1081]: ci-info: | Route | Destination  | Gateway  |    Genmask    | Interface | Flags |
[   17.519873] cloud-init[1081]: ci-info: +-------+--------------+----------+---------------+-----------+-------+
[0;32m  OK  [0m] Reached target Network is Online.
[   17.522650] cloud-init[1081]: ci-info: |   0   |   0.0.0.0    | 10.0.2.2 |    0.0.0.0    |   enp0s3  |   UG  |
[   17.566527] cloud-init[1081]: ci-info: |   1   |   10.0.2.0   | 0.0.0.0  | 255.255.255.0 |   enp0s3  |   U   |
[   17.579074] cloud-init[1081]: ci-info: |   2   | 192.168.33.0 | 0.0.0.0  | 255.255.255.0 |   enp0s8  |   U   |
[   17.580241] cloud-init[1081]: ci-info: +-------+--------------+----------+---------------+-----------+-------+
[   17.580882] cloud-init[1081]: ci-info: +++++++++++++++++++Route IPv6 info+++++++++++++++++++
[   17.583018] cloud-init[1081]: ci-info: +-------+-------------+---------+-----------+-------+
         Starting iSCSI initiator daemon (iscsid)...
[   17.583585] cloud-init[1081]: ci-info: | Route | Destination | Gateway | Interface | Flags |
[   17.634419] cloud-init[1081]: ci-info: +-------+-------------+---------+-----------+-------+
[   17.635034] cloud-init[1081]: ci-info: |   0   |  fe80::/64  |    ::   |   enp0s8  |   U   |
[   17.635566] cloud-init[1081]: ci-info: |   1   |  fe80::/64  |    ::   |   enp0s3  |   U   |
[   17.636228] cloud-init[1081]: ci-info: |   4   |   ff00::/8  |    ::   |   enp0s8  |   U   |
[   17.636742] cloud-init[1081]: ci-info: |   5   |   ff00::/8  |    ::   |   enp0s3  |   U   |
[   17.637465] cloud-init[1081]: ci-info: +-------+-------------+---------+-----------+-------+
[[0;32m  OK  [0m] Reached target System Initialization.
[[0;32m  OK  [0m] Listening on UUID daemon activation socket.
[[0;32m  OK  [0m] Listening on D-Bus System Message Bus Socket.
[[0;32m  OK  [0m] Started ACPI Events Check.
[[0;32m  OK  [0m] Reached target Paths.
[[0;32m  OK  [0m] Started Clean PHP session files every 30 mins.
[[0;32m  OK  [0m] Started Daily Cleanup of Temporary Directories.
[[0;32m  OK  [0m] Listening on ACPID Listen Socket.
[[0;32m  OK  [0m] Started Message of the Day.
[[0;32m  OK  [0m] Started Daily apt download activities.
[[0;32m  OK  [0m] Started Daily apt upgrade and clean activities.
[[0;32m  OK  [0m] Reached target Timers.
         Starting Socket activation for snappy daemon.
         Starting LXD - unix socket.
[[0;32m  OK  [0m] Reached target Cloud-config availability.
[[0;32m  OK  [0m] Listening on Socket activation for snappy daemon.
[[0;32m  OK  [0m] Listening on LXD - unix socket.
[[0;32m  OK  [0m] Started iSCSI initiator daemon (iscsid).
         Starting Login to default iSCSI targets...
[[0;32m  OK  [0m] Reached target Sockets.
[[0;32m  OK  [0m] Reached target Basic System.
         Starting LSB: Record successful boot for GRUB...
[[0;32m  OK  [0m] Started FUSE filesystem for LXC.
[[0;32m  OK  [0m] Started ACPI event daemon.
         Starting System Logging Service...
         Starting /etc/rc.local Compatibility...
[[0;32m  OK  [0m] Started Regular background program processing daemon.
         Starting OpenBSD Secure Shell server...
         Starting Virtualbox guest utils...
         Starting LXD - container startup/shutdown...
         Starting Snappy daemon...
[[0;32m  OK  [0m] Started D-Bus System Message Bus.
         Starting Accounts Service...
[[0;32m  OK  [0m] Started Deferred execution scheduler.
         Starting Login Service...
         Starting LSB: MD monitoring daemon...
[[0;32m  OK  [0m] Started System Logging Service.
[[0;32m  OK  [0m] Started /etc/rc.local Compatibility.
[[0;32m  OK  [0m] Started LXD - container startup/shutdown.
[[0;32m  OK  [0m] Started OpenBSD Secure Shell server.
[[0;32m  OK  [0m] Started Snappy daemon.
[[0;32m  OK  [0m] Started Login to default iSCSI targets.
[[0;32m  OK  [0m] Started LSB: Record successful boot for GRUB.
[[0;32m  OK  [0m] Started LSB: MD monitoring daemon.
[[0;32m  OK  [0m] Started Virtualbox guest utils.
[[0;32m  OK  [0m] Started Login Service.
[[0;32m  OK  [0m] Started Unattended Upgrades Shutdown.
         Starting Authenticate and Authorize Users to Run Privileged Tasks...
[[0;32m  OK  [0m] Reached target Remote File Systems (Pre).
[[0;32m  OK  [0m] Reached target Remote File Systems.
         Starting Permit User Sessions...
         Starting LSB: Apache2 web server...
         Starting LSB: Set the CPU Frequency Scaling governor to "ondemand"...
         Starting LSB: automatic crash report generation...
         Starting LSB: daemon to balance interrupts for SMP systems...
         Starting Wait until snapd is fully seeded...
[[0;32m  OK  [0m] Started Permit User Sessions.
[[0;32m  OK  [0m] Started Authenticate and Authorize Users to Run Privileged Tasks.
[[0;32m  OK  [0m] Started Accounts Service.
[[0;32m  OK  [0m] Started Wait until snapd is fully seeded.
[[0;32m  OK  [0m] Started LSB: Set the CPU Frequency Scaling governor to "ondemand".
[[0;32m  OK  [0m] Started LSB: daemon to balance interrupts for SMP systems.
         Starting Apply the settings specified in cloud-config...
         Starting Hold until boot process finishes up...
         Starting Terminate Plymouth Boot Screen...
[[0;32m  OK  [0m] Started LSB: automatic crash report generation.
[[0;32m  OK  [0m] Started Hold until boot process finishes up.
[[0;32m  OK  [0m] Started Terminate Plymouth Boot Screen.
[[0;32m  OK  [0m] Started Getty on tty1.
[[0;32m  OK  [0m] Started Serial Getty on ttyS0.
[[0;32m  OK  [0m] Reached target Login Prompts.
         Starting Set console scheme...
[[0;32m  OK  [0m] Started Set console scheme.
[[0;32m  OK  [0m] Created slice User Slice of vagrant.
         Starting User Manager for UID 1000...
[[0;32m  OK  [0m] Started Session 1 of user vagrant.
[[0;32m  OK  [0m] Started User Manager for UID 1000.
[   20.149835] cloud-init[1338]: Cloud-init v. 19.2-36-g059d049c-0ubuntu2~16.04.1 running 'modules:config' at Sat, 30 Nov 2019 05:29:36 +0000. Up 19.95 seconds.
[[0;32m  OK  [0m] Started Apply the settings specified in cloud-config.
[[0;32m  OK  [0m] Started LSB: Apache2 web server.
[[0;32m  OK  [0m] Reached target Multi-User System.
         Starting Execute cloud user/final scripts...
[[0;32m  OK  [0m] Reached target Graphical Interface.
         Starting Update UTMP about System Runlevel Changes...
[[0;32m  OK  [0m] Started Update UTMP about System Runlevel Changes.
[   21.604920] cloud-init[1462]: Cloud-init v. 19.2-36-g059d049c-0ubuntu2~16.04.1 running 'modules:final' at Sat, 30 Nov 2019 05:29:37 +0000. Up 21.33 seconds.
[   21.613033] cloud-init[1462]: Cloud-init v. 19.2-36-g059d049c-0ubuntu2~16.04.1 finished at Sat, 30 Nov 2019 05:29:37 +0000. Datasource DataSourceNoCloud [seed=/dev/sdb][dsmode=net].  Up 21.59 seconds
[[0;32m  OK  [0m] Started Execute cloud user/final scripts.
[[0;32m  OK  [0m] Reached target Cloud-init target.

Ubuntu 16.04.6 LTS ubuntu-xenial ttyS0

ubuntu-xenial login: [ 8204.078286] INFO: rcu_sched self-detected stall on CPU[ 8204.081573] INFO: rcu_sched detected stalls on CPUs/tasks:[ 8204.081578] 	0-...: (1 ticks this GP) idle=8a7/140000000000001/0 softirq=10854/10854 fqs=1 
[ 8204.081578] 	
[ 8204.152442] 	0-...: (1 ticks this GP) idle=8a7/140000000000001/0 softirq=10854/10854 fqs=2 
[ 8204.155138] 	 (t=73848 jiffies g=4146 c=4145 q=164)
